<?xml version="1.0" encoding="UTF-8"?>
<testsuite xmlns:xsi="http://www.w3.org/2001/XMLSchema-instance" xsi:noNamespaceSchemaLocation="https://maven.apache.org/surefire/maven-surefire-plugin/xsd/surefire-test-report.xsd" name="com.github.javarushcommunity.mavendemo.ImageComparatorTest" time="1.263" tests="2" errors="0" skipped="0" failures="0">
  <properties>
[...]
</properties>
  <testcase name="shouldConfirmImagesTheSame" classname="com.github.javarushcommunity.mavendemo.ImageComparatorTest" time="0.608"/>
  <testcase name="shouldConfirmImagesNotTheSame" classname="com.github.javarushcommunity.mavendemo.ImageComparatorTest" time="0.647"/>
</testsuite>